<!DOCTYPE html PUBLIC "-//W3C//DTD XHTML 1.1//EN" "https://www.w3.org/TR/xhtml11/DTD/xhtml11.dtd">
<html xmlns="https://www.w3.org/1999/xhtml">
<head>
<meta http-equiv="content-type" content="text/html; charset=UTF-8"/>
<title>TestNG Report</title>
<style type="text/css">table {margin-bottom:10px;border-collapse:collapse;empty-cells:show}th,td {border:1px solid #009;padding:.25em .5em}th {vertical-align:bottom}td {vertical-align:top}table a {font-weight:bold}.stripe td {background-color: #E6EBF9}.num {text-align:right}.passedodd td {background-color: #3F3}.passedeven td {background-color: #0A0}.skippedodd td {background-color: #DDD}.skippedeven td {background-color: #CCC}.failedodd td,.attn {background-color: #F33}.failedeven td,.stripe .attn {background-color: #D00}.stacktrace {white-space:pre;font-family:monospace}.totop {font-size:85%;text-align:center;border-bottom:2px solid #000}.invisible {display:none}</style>
</head>
<body>
<table>
<tr><th>Test</th><th># Passed</th><th># Skipped</th><th># Retried</th><th># Failed</th><th>Time (ms)</th><th>Included Groups</th><th>Excluded Groups</th></tr>
<tr><th colspan="8">Suite</th></tr>
<tr><td><a href="#t0">Test</a></td><td class="num">0</td><td class="num">0</td><td class="num">0</td><td class="num">0</td><td class="num">3</td><td></td><td></td></tr>
<tr><th colspan="8">functional Suite</th></tr>
<tr class="stripe"><td><a href="#t1">Main Test</a></td><td class="num">5</td><td class="num">0</td><td class="num">0</td><td class="num attn">1</td><td class="num">175,773</td><td></td><td></td></tr>
<tr><th colspan="8">Regression Suite</th></tr>
<tr><td><a href="#t2">Test search Functionality</a></td><td class="num">6</td><td class="num">0</td><td class="num">0</td><td class="num attn">2</td><td class="num">237,888</td><td></td><td></td></tr>
<tr><th colspan="8">Regression Suite (0)</th></tr>
<tr class="stripe"><td><a href="#t3">Test Form Functionality</a></td><td class="num">9</td><td class="num">0</td><td class="num">0</td><td class="num">0</td><td class="num">117,816</td><td></td><td></td></tr>
<tr><th>Total</th><th class="num">20</th><th class="num">0</th><th class="num">0</th><th class="num attn">3</th><th class="num">531,480</th><th colspan="2"></th></tr>
</table>
<table id='summary'><thead><tr><th>Class</th><th>Method</th><th>Start</th><th>Time (ms)</th></tr></thead><tbody><tr><th colspan="4">Suite</th></tr></tbody><tbody id="t0"><tr><th colspan="4" class="invisible"/></tr></tbody>
<tbody><tr><th colspan="4">functional Suite</th></tr></tbody><tbody id="t1"><tr><th colspan="4">Main Test &#8212; failed</th></tr><tr class="failedeven"><td rowspan="1">Findingcourse_Hackathon.Findingcourse_Hackathon.CourseList</td><td><a href="#m0">backHome</a></td><td rowspan="1">1641211381541</td><td rowspan="1">32562</td></tr><tr><th colspan="4">Main Test &#8212; passed</th></tr><tr class="passedeven"><td rowspan="5">Findingcourse_Hackathon.Findingcourse_Hackathon.CourseList</td><td><a href="#m1">ListElements</a></td><td rowspan="1">1641211340998</td><td rowspan="1">9014</td></tr><tr class="passedeven"><td><a href="#m2">extractLanguageDetails</a></td><td rowspan="1">1641211350018</td><td rowspan="1">28926</td></tr><tr class="passedeven"><td><a href="#m3">extractLevelDetails</a></td><td rowspan="1">1641211380136</td><td rowspan="1">1396</td></tr><tr class="passedeven"><td><a href="#m4">searchCourse</a></td><td rowspan="1">1641211238574</td><td rowspan="1">102402</td></tr><tr class="passedeven"><td><a href="#m5">setLevels</a></td><td rowspan="1">1641211378954</td><td rowspan="1">1176</td></tr></tbody>
<tbody><tr><th colspan="4">Regression Suite</th></tr></tbody><tbody id="t2"><tr><th colspan="4">Test search Functionality &#8212; failed</th></tr><tr class="failedeven"><td rowspan="2">com.test.HomeSearchTest</td><td><a href="#m6">Search</a></td><td rowspan="1">1641211465475</td><td rowspan="1">31763</td></tr><tr class="failedeven"><td><a href="#m7">geturlForTest</a></td><td rowspan="1">1641211435283</td><td rowspan="1">30168</td></tr><tr><th colspan="4">Test search Functionality &#8212; passed</th></tr><tr class="passedeven"><td rowspan="3">com.test.HomeSearchTest</td><td><a href="#m8">SearchProvidedCourse</a></td><td rowspan="1">1641211497255</td><td rowspan="1">52001</td></tr><tr class="passedeven"><td><a href="#m9">openBrowser</a></td><td rowspan="1">1641211430685</td><td rowspan="1">4582</td></tr><tr class="passedeven"><td><a href="#m10">searchNullTest</a></td><td rowspan="1">1641211549259</td><td rowspan="1">51861</td></tr><tr class="passedodd"><td rowspan="3">com.test.VerifyCourseTest</td><td><a href="#m11">getTestUrl</a></td><td rowspan="1">1641211601124</td><td rowspan="1">34861</td></tr><tr class="passedodd"><td><a href="#m12">selectLevelFilter</a></td><td rowspan="1">1641211635988</td><td rowspan="1">8823</td></tr><tr class="passedodd"><td><a href="#m13">verifyLevelSelected</a></td><td rowspan="1">1641211644816</td><td rowspan="1">9383</td></tr></tbody>
<tbody><tr><th colspan="4">Regression Suite (0)</th></tr></tbody><tbody id="t3"><tr><th colspan="4">Test Form Functionality &#8212; passed</th></tr><tr class="passedeven"><td rowspan="9">com.test.FormInvalidData</td><td><a href="#m14">ValidFormSubmit</a></td><td rowspan="1">1641211768305</td><td rowspan="1">5166</td></tr><tr class="passedeven"><td><a href="#m15">invalidPhNumber</a></td><td rowspan="1">1641211754767</td><td rowspan="1">7352</td></tr><tr class="passedeven"><td><a href="#m16">nullSubmit</a></td><td rowspan="1">1641211762127</td><td rowspan="1">6160</td></tr><tr class="passedeven"><td><a href="#m17">onlyFirstName</a></td><td rowspan="1">1641211671667</td><td rowspan="1">26678</td></tr><tr class="passedeven"><td><a href="#m18">onlyInvalidEmail</a></td><td rowspan="1">1641211736408</td><td rowspan="1">9559</td></tr><tr class="passedeven"><td><a href="#m19">onlyJobTitle</a></td><td rowspan="1">1641211702970</td><td rowspan="1">21017</td></tr><tr class="passedeven"><td><a href="#m20">onlyLastName</a></td><td rowspan="1">1641211698351</td><td rowspan="1">4612</td></tr><tr class="passedeven"><td><a href="#m21">onlyValidEmail</a></td><td rowspan="1">1641211723990</td><td rowspan="1">12412</td></tr><tr class="passedeven"><td><a href="#m22">validPhNumber</a></td><td rowspan="1">1641211745976</td><td rowspan="1">8789</td></tr></tbody>
</table>
<h2>Test</h2><h2>Main Test</h2><h3 id="m0">Findingcourse_Hackathon.Findingcourse_Hackathon.CourseList#backHome</h3><table class="result"><tr><th>Exception</th></tr><tr><td><div class="stacktrace">org.openqa.selenium.TimeoutException: timeout: Timed out receiving message from renderer: 30.000
  (Session info: chrome=96.0.4664.110)
Build info: version: &apos;4.1.0&apos;, revision: &apos;87802e897b&apos;
System info: host: &apos;LENOVO&apos;, ip: &apos;192.168.43.105&apos;, os.name: &apos;Windows 10&apos;, os.arch: &apos;amd64&apos;, os.version: &apos;10.0&apos;, java.version: &apos;16.0.1&apos;
Driver info: org.openqa.selenium.chrome.ChromeDriver
Command: [a9c8dfef8c3c7825d33c31d3aa4c529f, clickElement {id=ede6ad9e-ee77-4f6c-b6f1-cf1957d67fba}]
Capabilities {acceptInsecureCerts: false, browserName: chrome, browserVersion: 96.0.4664.110, chrome: {chromedriverVersion: 96.0.4664.45 (76e4c1bb2ab46..., userDataDir: C:\Users\ELCOT\AppData\Loca...}, goog:chromeOptions: {debuggerAddress: localhost:63528}, javascriptEnabled: true, networkConnectionEnabled: false, pageLoadStrategy: normal, platform: WINDOWS, platformName: WINDOWS, proxy: Proxy(), se:cdp: ws://localhost:63528/devtoo..., se:cdpVersion: 96.0.4664.110, setWindowRect: true, strictFileInteractability: false, timeouts: {implicit: 0, pageLoad: 300000, script: 30000}, unhandledPromptBehavior: dismiss and notify, webauthn:extension:credBlob: true, webauthn:extension:largeBlob: true, webauthn:virtualAuthenticators: true}
Element: [[ChromeDriver: chrome on WINDOWS (a9c8dfef8c3c7825d33c31d3aa4c529f)] -&gt; xpath: //*[@id=&quot;rendered-content&quot;]/div/div/span/div[1]/header/div[2]/div/div[1]/div/div/div[2]/div/div/div/a/div/img]
Session ID: a9c8dfef8c3c7825d33c31d3aa4c529f
	at org.openqa.selenium.remote.codec.w3c.W3CHttpResponseCodec.createException(W3CHttpResponseCodec.java:200)
	at org.openqa.selenium.remote.codec.w3c.W3CHttpResponseCodec.decode(W3CHttpResponseCodec.java:133)
	at org.openqa.selenium.remote.codec.w3c.W3CHttpResponseCodec.decode(W3CHttpResponseCodec.java:53)
	at org.openqa.selenium.remote.HttpCommandExecutor.execute(HttpCommandExecutor.java:184)
	at org.openqa.selenium.remote.service.DriverCommandExecutor.invokeExecute(DriverCommandExecutor.java:164)
	at org.openqa.selenium.remote.service.DriverCommandExecutor.execute(DriverCommandExecutor.java:139)
	at org.openqa.selenium.remote.RemoteWebDriver.execute(RemoteWebDriver.java:559)
	at org.openqa.selenium.remote.RemoteWebElement.execute(RemoteWebElement.java:251)
	at org.openqa.selenium.remote.RemoteWebElement.click(RemoteWebElement.java:77)
	at Findingcourse_Hackathon.Findingcourse_Hackathon.BaseUI.click(BaseUI.java:46)
	at Findingcourse_Hackathon.Findingcourse_Hackathon.CourseList.backHome(CourseList.java:121)
	at java.base/java.util.ArrayList.forEach(ArrayList.java:1511)
... Removed 33 stack frames</div></td></tr></table><p class="totop"><a href="#summary">back to summary</a></p>
<h3 id="m1">Findingcourse_Hackathon.Findingcourse_Hackathon.CourseList#ListElements</h3><table class="result"><tr><th class="invisible"/></tr></table><p class="totop"><a href="#summary">back to summary</a></p>
<h3 id="m2">Findingcourse_Hackathon.Findingcourse_Hackathon.CourseList#extractLanguageDetails</h3><table class="result"><tr><th class="invisible"/></tr></table><p class="totop"><a href="#summary">back to summary</a></p>
<h3 id="m3">Findingcourse_Hackathon.Findingcourse_Hackathon.CourseList#extractLevelDetails</h3><table class="result"><tr><th class="invisible"/></tr></table><p class="totop"><a href="#summary">back to summary</a></p>
<h3 id="m4">Findingcourse_Hackathon.Findingcourse_Hackathon.CourseList#searchCourse</h3><table class="result"><tr><th class="invisible"/></tr></table><p class="totop"><a href="#summary">back to summary</a></p>
<h3 id="m5">Findingcourse_Hackathon.Findingcourse_Hackathon.CourseList#setLevels</h3><table class="result"><tr><th class="invisible"/></tr></table><p class="totop"><a href="#summary">back to summary</a></p>
<h2>Test search Functionality</h2><h3 id="m6">com.test.HomeSearchTest#Search</h3><table class="result"><tr><th>Exception</th></tr><tr><td><div class="stacktrace">org.openqa.selenium.NoSuchElementException: no such element: Unable to locate element: {&quot;method&quot;:&quot;xpath&quot;,&quot;selector&quot;:&quot;//*[@id=&quot;rendered-content&quot;]/div/header/div/div/div/div[1]/div[3]/div/form/div/div/div[1]/div[1]/input&quot;}
  (Session info: chrome=96.0.4664.110)
For documentation on this error, please visit: https://selenium.dev/exceptions/#no_such_element
Build info: version: &apos;4.1.0&apos;, revision: &apos;87802e897b&apos;
System info: host: &apos;LENOVO&apos;, ip: &apos;192.168.43.105&apos;, os.name: &apos;Windows 10&apos;, os.arch: &apos;amd64&apos;, os.version: &apos;10.0&apos;, java.version: &apos;16.0.1&apos;
Driver info: org.openqa.selenium.chrome.ChromeDriver
Command: [3ffa8d974baff56c5d59d3194831a5d9, findElement {using=xpath, value=//*[@id=&quot;rendered-content&quot;]/div/header/div/div/div/div[1]/div[3]/div/form/div/div/div[1]/div[1]/input}]
Capabilities {acceptInsecureCerts: false, browserName: chrome, browserVersion: 96.0.4664.110, chrome: {chromedriverVersion: 96.0.4664.45 (76e4c1bb2ab46..., userDataDir: C:\Users\ELCOT\AppData\Loca...}, goog:chromeOptions: {debuggerAddress: localhost:63801}, javascriptEnabled: true, networkConnectionEnabled: false, pageLoadStrategy: normal, platform: WINDOWS, platformName: WINDOWS, proxy: Proxy(), se:cdp: ws://localhost:63801/devtoo..., se:cdpVersion: 96.0.4664.110, setWindowRect: true, strictFileInteractability: false, timeouts: {implicit: 0, pageLoad: 300000, script: 30000}, unhandledPromptBehavior: dismiss and notify, webauthn:extension:credBlob: true, webauthn:extension:largeBlob: true, webauthn:virtualAuthenticators: true}
Session ID: 3ffa8d974baff56c5d59d3194831a5d9
	at org.openqa.selenium.remote.codec.w3c.W3CHttpResponseCodec.createException(W3CHttpResponseCodec.java:200)
	at org.openqa.selenium.remote.codec.w3c.W3CHttpResponseCodec.decode(W3CHttpResponseCodec.java:133)
	at org.openqa.selenium.remote.codec.w3c.W3CHttpResponseCodec.decode(W3CHttpResponseCodec.java:53)
	at org.openqa.selenium.remote.HttpCommandExecutor.execute(HttpCommandExecutor.java:184)
	at org.openqa.selenium.remote.service.DriverCommandExecutor.invokeExecute(DriverCommandExecutor.java:164)
	at org.openqa.selenium.remote.service.DriverCommandExecutor.execute(DriverCommandExecutor.java:139)
	at org.openqa.selenium.remote.RemoteWebDriver.execute(RemoteWebDriver.java:559)
	at org.openqa.selenium.remote.ElementLocation$ElementFinder$2.findElement(ElementLocation.java:162)
	at org.openqa.selenium.remote.ElementLocation.findElement(ElementLocation.java:60)
	at org.openqa.selenium.remote.RemoteWebDriver.findElement(RemoteWebDriver.java:383)
	at org.openqa.selenium.remote.RemoteWebDriver.findElement(RemoteWebDriver.java:375)
	at com.test.HomeSearchTest.Search(HomeSearchTest.java:27)
	at java.base/java.util.ArrayList.forEach(ArrayList.java:1511)
... Removed 33 stack frames</div></td></tr></table><p class="totop"><a href="#summary">back to summary</a></p>
<h3 id="m7">com.test.HomeSearchTest#geturlForTest</h3><table class="result"><tr><th>Exception</th></tr><tr><td><div class="stacktrace">org.openqa.selenium.TimeoutException: timeout: Timed out receiving message from renderer: 24.607
  (Session info: chrome=96.0.4664.110)
Build info: version: &apos;4.1.0&apos;, revision: &apos;87802e897b&apos;
System info: host: &apos;LENOVO&apos;, ip: &apos;192.168.43.105&apos;, os.name: &apos;Windows 10&apos;, os.arch: &apos;amd64&apos;, os.version: &apos;10.0&apos;, java.version: &apos;16.0.1&apos;
Driver info: org.openqa.selenium.chrome.ChromeDriver
Command: [3ffa8d974baff56c5d59d3194831a5d9, get {url=https://www.coursera.org/in}]
Capabilities {acceptInsecureCerts: false, browserName: chrome, browserVersion: 96.0.4664.110, chrome: {chromedriverVersion: 96.0.4664.45 (76e4c1bb2ab46..., userDataDir: C:\Users\ELCOT\AppData\Loca...}, goog:chromeOptions: {debuggerAddress: localhost:63801}, javascriptEnabled: true, networkConnectionEnabled: false, pageLoadStrategy: normal, platform: WINDOWS, platformName: WINDOWS, proxy: Proxy(), se:cdp: ws://localhost:63801/devtoo..., se:cdpVersion: 96.0.4664.110, setWindowRect: true, strictFileInteractability: false, timeouts: {implicit: 0, pageLoad: 300000, script: 30000}, unhandledPromptBehavior: dismiss and notify, webauthn:extension:credBlob: true, webauthn:extension:largeBlob: true, webauthn:virtualAuthenticators: true}
Session ID: 3ffa8d974baff56c5d59d3194831a5d9
	at org.openqa.selenium.remote.codec.w3c.W3CHttpResponseCodec.createException(W3CHttpResponseCodec.java:200)
	at org.openqa.selenium.remote.codec.w3c.W3CHttpResponseCodec.decode(W3CHttpResponseCodec.java:133)
	at org.openqa.selenium.remote.codec.w3c.W3CHttpResponseCodec.decode(W3CHttpResponseCodec.java:53)
	at org.openqa.selenium.remote.HttpCommandExecutor.execute(HttpCommandExecutor.java:184)
	at org.openqa.selenium.remote.service.DriverCommandExecutor.invokeExecute(DriverCommandExecutor.java:164)
	at org.openqa.selenium.remote.service.DriverCommandExecutor.execute(DriverCommandExecutor.java:139)
	at org.openqa.selenium.remote.RemoteWebDriver.execute(RemoteWebDriver.java:559)
	at org.openqa.selenium.remote.RemoteWebDriver.get(RemoteWebDriver.java:328)
	at com.test.HomeSearchTest.geturlForTest(HomeSearchTest.java:22)
	at java.base/java.util.ArrayList.forEach(ArrayList.java:1511)
... Removed 33 stack frames</div></td></tr></table><p class="totop"><a href="#summary">back to summary</a></p>
<h3 id="m8">com.test.HomeSearchTest#SearchProvidedCourse</h3><table class="result"><tr><th class="invisible"/></tr></table><p class="totop"><a href="#summary">back to summary</a></p>
<h3 id="m9">com.test.HomeSearchTest#openBrowser</h3><table class="result"><tr><th class="invisible"/></tr></table><p class="totop"><a href="#summary">back to summary</a></p>
<h3 id="m10">com.test.HomeSearchTest#searchNullTest</h3><table class="result"><tr><th class="invisible"/></tr></table><p class="totop"><a href="#summary">back to summary</a></p>
<h3 id="m11">com.test.VerifyCourseTest#getTestUrl</h3><table class="result"><tr><th class="invisible"/></tr></table><p class="totop"><a href="#summary">back to summary</a></p>
<h3 id="m12">com.test.VerifyCourseTest#selectLevelFilter</h3><table class="result"><tr><th class="invisible"/></tr></table><p class="totop"><a href="#summary">back to summary</a></p>
<h3 id="m13">com.test.VerifyCourseTest#verifyLevelSelected</h3><table class="result"><tr><th class="invisible"/></tr></table><p class="totop"><a href="#summary">back to summary</a></p>
<h2>Test Form Functionality</h2><h3 id="m14">com.test.FormInvalidData#ValidFormSubmit</h3><table class="result"><tr><th class="invisible"/></tr></table><p class="totop"><a href="#summary">back to summary</a></p>
<h3 id="m15">com.test.FormInvalidData#invalidPhNumber</h3><table class="result"><tr><th class="invisible"/></tr></table><p class="totop"><a href="#summary">back to summary</a></p>
<h3 id="m16">com.test.FormInvalidData#nullSubmit</h3><table class="result"><tr><th class="invisible"/></tr></table><p class="totop"><a href="#summary">back to summary</a></p>
<h3 id="m17">com.test.FormInvalidData#onlyFirstName</h3><table class="result"><tr><th class="invisible"/></tr></table><p class="totop"><a href="#summary">back to summary</a></p>
<h3 id="m18">com.test.FormInvalidData#onlyInvalidEmail</h3><table class="result"><tr><th class="invisible"/></tr></table><p class="totop"><a href="#summary">back to summary</a></p>
<h3 id="m19">com.test.FormInvalidData#onlyJobTitle</h3><table class="result"><tr><th class="invisible"/></tr></table><p class="totop"><a href="#summary">back to summary</a></p>
<h3 id="m20">com.test.FormInvalidData#onlyLastName</h3><table class="result"><tr><th class="invisible"/></tr></table><p class="totop"><a href="#summary">back to summary</a></p>
<h3 id="m21">com.test.FormInvalidData#onlyValidEmail</h3><table class="result"><tr><th class="invisible"/></tr></table><p class="totop"><a href="#summary">back to summary</a></p>
<h3 id="m22">com.test.FormInvalidData#validPhNumber</h3><table class="result"><tr><th class="invisible"/></tr></table><p class="totop"><a href="#summary">back to summary</a></p>
</body>
</html>
