<?xml version="1.0" encoding="UTF-8"?>
<testng-results ignored="0" total="23" passed="20" failed="3" skipped="0">
  <reporter-output>
  </reporter-output>
  <suite started-at="2022-01-03T17:39:33 IST" name="Suite" finished-at="2022-01-03T17:39:33 IST" duration-ms="3">
    <groups>
    </groups>
    <test started-at="2022-01-03T17:39:33 IST" name="Test" finished-at="2022-01-03T17:39:33 IST" duration-ms="3">
    </test> <!-- Test -->
  </suite> <!-- Suite -->
  <suite started-at="2022-01-03T17:30:38 IST" name="functional Suite" finished-at="2022-01-03T17:33:34 IST" duration-ms="175773">
    <groups>
    </groups>
    <test started-at="2022-01-03T17:30:38 IST" name="Main Test" finished-at="2022-01-03T17:33:34 IST" duration-ms="175773">
      <class name="Findingcourse_Hackathon.Findingcourse_Hackathon.CourseList">
        <test-method signature="searchCourse()[pri:0, instance:Findingcourse_Hackathon.Findingcourse_Hackathon.CourseList@306f16f3]" started-at="2022-01-03T17:30:38 IST" name="searchCourse" finished-at="2022-01-03T17:32:20 IST" duration-ms="102402" status="PASS">
          <reporter-output>
          </reporter-output>
        </test-method> <!-- searchCourse -->
        <test-method signature="ListElements()[pri:0, instance:Findingcourse_Hackathon.Findingcourse_Hackathon.CourseList@306f16f3]" started-at="2022-01-03T17:32:20 IST" name="ListElements" finished-at="2022-01-03T17:32:30 IST" depends-on-methods="Findingcourse_Hackathon.Findingcourse_Hackathon.CourseSearch.searchCourse" duration-ms="9014" status="PASS">
          <reporter-output>
          </reporter-output>
        </test-method> <!-- ListElements -->
        <test-method signature="extractLanguageDetails()[pri:0, instance:Findingcourse_Hackathon.Findingcourse_Hackathon.CourseList@306f16f3]" started-at="2022-01-03T17:32:30 IST" name="extractLanguageDetails" finished-at="2022-01-03T17:32:58 IST" depends-on-methods="Findingcourse_Hackathon.Findingcourse_Hackathon.CourseList.ListElements" duration-ms="28926" status="PASS">
          <reporter-output>
          </reporter-output>
        </test-method> <!-- extractLanguageDetails -->
        <test-method signature="setLevels()[pri:0, instance:Findingcourse_Hackathon.Findingcourse_Hackathon.CourseList@306f16f3]" started-at="2022-01-03T17:32:58 IST" name="setLevels" finished-at="2022-01-03T17:33:00 IST" depends-on-methods="Findingcourse_Hackathon.Findingcourse_Hackathon.CourseList.extractLanguageDetails" duration-ms="1176" status="PASS">
          <reporter-output>
          </reporter-output>
        </test-method> <!-- setLevels -->
        <test-method signature="extractLevelDetails()[pri:0, instance:Findingcourse_Hackathon.Findingcourse_Hackathon.CourseList@306f16f3]" started-at="2022-01-03T17:33:00 IST" name="extractLevelDetails" finished-at="2022-01-03T17:33:01 IST" depends-on-methods="Findingcourse_Hackathon.Findingcourse_Hackathon.CourseList.setLevels" duration-ms="1396" status="PASS">
          <reporter-output>
          </reporter-output>
        </test-method> <!-- extractLevelDetails -->
        <test-method signature="backHome()[pri:0, instance:Findingcourse_Hackathon.Findingcourse_Hackathon.CourseList@306f16f3]" started-at="2022-01-03T17:33:01 IST" name="backHome" finished-at="2022-01-03T17:33:34 IST" depends-on-methods="Findingcourse_Hackathon.Findingcourse_Hackathon.CourseList.extractLevelDetails" duration-ms="32562" status="FAIL">
          <exception class="org.openqa.selenium.TimeoutException">
            <message>
              <![CDATA[timeout: Timed out receiving message from renderer: 30.000
  (Session info: chrome=96.0.4664.110)
Build info: version: '4.1.0', revision: '87802e897b'
System info: host: 'LENOVO', ip: '192.168.43.105', os.name: 'Windows 10', os.arch: 'amd64', os.version: '10.0', java.version: '16.0.1'
Driver info: org.openqa.selenium.chrome.ChromeDriver
Command: [a9c8dfef8c3c7825d33c31d3aa4c529f, clickElement {id=ede6ad9e-ee77-4f6c-b6f1-cf1957d67fba}]
Capabilities {acceptInsecureCerts: false, browserName: chrome, browserVersion: 96.0.4664.110, chrome: {chromedriverVersion: 96.0.4664.45 (76e4c1bb2ab46..., userDataDir: C:\Users\ELCOT\AppData\Loca...}, goog:chromeOptions: {debuggerAddress: localhost:63528}, javascriptEnabled: true, networkConnectionEnabled: false, pageLoadStrategy: normal, platform: WINDOWS, platformName: WINDOWS, proxy: Proxy(), se:cdp: ws://localhost:63528/devtoo..., se:cdpVersion: 96.0.4664.110, setWindowRect: true, strictFileInteractability: false, timeouts: {implicit: 0, pageLoad: 300000, script: 30000}, unhandledPromptBehavior: dismiss and notify, webauthn:extension:credBlob: true, webauthn:extension:largeBlob: true, webauthn:virtualAuthenticators: true}
Element: [[ChromeDriver: chrome on WINDOWS (a9c8dfef8c3c7825d33c31d3aa4c529f)] -> xpath: //*[@id="rendered-content"]/div/div/span/div[1]/header/div[2]/div/div[1]/div/div/div[2]/div/div/div/a/div/img]
Session ID: a9c8dfef8c3c7825d33c31d3aa4c529f]]>
            </message>
            <full-stacktrace>
              <![CDATA[org.openqa.selenium.TimeoutException: timeout: Timed out receiving message from renderer: 30.000
  (Session info: chrome=96.0.4664.110)
Build info: version: '4.1.0', revision: '87802e897b'
System info: host: 'LENOVO', ip: '192.168.43.105', os.name: 'Windows 10', os.arch: 'amd64', os.version: '10.0', java.version: '16.0.1'
Driver info: org.openqa.selenium.chrome.ChromeDriver
Command: [a9c8dfef8c3c7825d33c31d3aa4c529f, clickElement {id=ede6ad9e-ee77-4f6c-b6f1-cf1957d67fba}]
Capabilities {acceptInsecureCerts: false, browserName: chrome, browserVersion: 96.0.4664.110, chrome: {chromedriverVersion: 96.0.4664.45 (76e4c1bb2ab46..., userDataDir: C:\Users\ELCOT\AppData\Loca...}, goog:chromeOptions: {debuggerAddress: localhost:63528}, javascriptEnabled: true, networkConnectionEnabled: false, pageLoadStrategy: normal, platform: WINDOWS, platformName: WINDOWS, proxy: Proxy(), se:cdp: ws://localhost:63528/devtoo..., se:cdpVersion: 96.0.4664.110, setWindowRect: true, strictFileInteractability: false, timeouts: {implicit: 0, pageLoad: 300000, script: 30000}, unhandledPromptBehavior: dismiss and notify, webauthn:extension:credBlob: true, webauthn:extension:largeBlob: true, webauthn:virtualAuthenticators: true}
Element: [[ChromeDriver: chrome on WINDOWS (a9c8dfef8c3c7825d33c31d3aa4c529f)] -> xpath: //*[@id="rendered-content"]/div/div/span/div[1]/header/div[2]/div/div[1]/div/div/div[2]/div/div/div/a/div/img]
Session ID: a9c8dfef8c3c7825d33c31d3aa4c529f
at java.base/jdk.internal.reflect.NativeConstructorAccessorImpl.newInstance0(Native Method)
at java.base/jdk.internal.reflect.NativeConstructorAccessorImpl.newInstance(NativeConstructorAccessorImpl.java:78)
at java.base/jdk.internal.reflect.DelegatingConstructorAccessorImpl.newInstance(DelegatingConstructorAccessorImpl.java:45)
at java.base/java.lang.reflect.Constructor.newInstanceWithCaller(Constructor.java:499)
at java.base/java.lang.reflect.Constructor.newInstance(Constructor.java:480)
at org.openqa.selenium.remote.codec.w3c.W3CHttpResponseCodec.createException(W3CHttpResponseCodec.java:200)
at org.openqa.selenium.remote.codec.w3c.W3CHttpResponseCodec.decode(W3CHttpResponseCodec.java:133)
at org.openqa.selenium.remote.codec.w3c.W3CHttpResponseCodec.decode(W3CHttpResponseCodec.java:53)
at org.openqa.selenium.remote.HttpCommandExecutor.execute(HttpCommandExecutor.java:184)
at org.openqa.selenium.remote.service.DriverCommandExecutor.invokeExecute(DriverCommandExecutor.java:164)
at org.openqa.selenium.remote.service.DriverCommandExecutor.execute(DriverCommandExecutor.java:139)
at org.openqa.selenium.remote.RemoteWebDriver.execute(RemoteWebDriver.java:559)
at org.openqa.selenium.remote.RemoteWebElement.execute(RemoteWebElement.java:251)
at org.openqa.selenium.remote.RemoteWebElement.click(RemoteWebElement.java:77)
at Findingcourse_Hackathon.Findingcourse_Hackathon.BaseUI.click(BaseUI.java:46)
at Findingcourse_Hackathon.Findingcourse_Hackathon.CourseList.backHome(CourseList.java:121)
at java.base/jdk.internal.reflect.NativeMethodAccessorImpl.invoke0(Native Method)
at java.base/jdk.internal.reflect.NativeMethodAccessorImpl.invoke(NativeMethodAccessorImpl.java:78)
at java.base/jdk.internal.reflect.DelegatingMethodAccessorImpl.invoke(DelegatingMethodAccessorImpl.java:43)
at java.base/java.lang.reflect.Method.invoke(Method.java:567)
at org.testng.internal.MethodInvocationHelper.invokeMethod(MethodInvocationHelper.java:133)
at org.testng.internal.TestInvoker.invokeMethod(TestInvoker.java:598)
at org.testng.internal.TestInvoker.invokeTestMethod(TestInvoker.java:173)
at org.testng.internal.MethodRunner.runInSequence(MethodRunner.java:46)
at org.testng.internal.TestInvoker$MethodInvocationAgent.invoke(TestInvoker.java:824)
at org.testng.internal.TestInvoker.invokeTestMethods(TestInvoker.java:146)
at org.testng.internal.TestMethodWorker.invokeTestMethods(TestMethodWorker.java:146)
at org.testng.internal.TestMethodWorker.run(TestMethodWorker.java:128)
at java.base/java.util.ArrayList.forEach(ArrayList.java:1511)
at org.testng.TestRunner.privateRun(TestRunner.java:794)
at org.testng.TestRunner.run(TestRunner.java:596)
at org.testng.SuiteRunner.runTest(SuiteRunner.java:377)
at org.testng.SuiteRunner.runSequentially(SuiteRunner.java:371)
at org.testng.SuiteRunner.privateRun(SuiteRunner.java:332)
at org.testng.SuiteRunner.run(SuiteRunner.java:276)
at org.testng.SuiteRunnerWorker.runSuite(SuiteRunnerWorker.java:53)
at org.testng.SuiteRunnerWorker.run(SuiteRunnerWorker.java:96)
at org.testng.TestNG.runSuitesSequentially(TestNG.java:1212)
at org.testng.TestNG.runSuitesSequentially(TestNG.java:1207)
at org.testng.TestNG.runSuitesLocally(TestNG.java:1134)
at org.testng.TestNG.runSuites(TestNG.java:1063)
at org.testng.TestNG.run(TestNG.java:1031)
at org.testng.remote.AbstractRemoteTestNG.run(AbstractRemoteTestNG.java:115)
at org.testng.remote.RemoteTestNG.initAndRun(RemoteTestNG.java:251)
at org.testng.remote.RemoteTestNG.main(RemoteTestNG.java:77)
]]>
            </full-stacktrace>
          </exception> <!-- org.openqa.selenium.TimeoutException -->
          <reporter-output>
          </reporter-output>
        </test-method> <!-- backHome -->
        <test-method is-config="true" signature="quitAll()[pri:0, instance:Findingcourse_Hackathon.Findingcourse_Hackathon.CourseList@306f16f3]" started-at="2022-01-03T17:33:34 IST" name="quitAll" finished-at="2022-01-03T17:33:37 IST" duration-ms="3030" status="PASS">
          <reporter-output>
          </reporter-output>
        </test-method> <!-- quitAll -->
      </class> <!-- Findingcourse_Hackathon.Findingcourse_Hackathon.CourseList -->
    </test> <!-- Main Test -->
  </suite> <!-- functional Suite -->
  <suite started-at="2022-01-03T17:33:37 IST" name="Regression Suite" finished-at="2022-01-03T17:37:35 IST" duration-ms="237888">
    <groups>
    </groups>
    <test started-at="2022-01-03T17:33:37 IST" name="Test search Functionality" finished-at="2022-01-03T17:37:35 IST" duration-ms="237888">
      <class name="com.test.HomeSearchTest">
        <test-method signature="openBrowser()[pri:1, instance:com.test.HomeSearchTest@49c7b90e]" started-at="2022-01-03T17:33:50 IST" name="openBrowser" finished-at="2022-01-03T17:33:55 IST" duration-ms="4582" status="PASS">
          <reporter-output>
          </reporter-output>
        </test-method> <!-- openBrowser -->
        <test-method signature="geturlForTest()[pri:2, instance:com.test.HomeSearchTest@49c7b90e]" started-at="2022-01-03T17:33:55 IST" name="geturlForTest" finished-at="2022-01-03T17:34:25 IST" duration-ms="30168" status="FAIL">
          <exception class="org.openqa.selenium.TimeoutException">
            <message>
              <![CDATA[timeout: Timed out receiving message from renderer: 24.607
  (Session info: chrome=96.0.4664.110)
Build info: version: '4.1.0', revision: '87802e897b'
System info: host: 'LENOVO', ip: '192.168.43.105', os.name: 'Windows 10', os.arch: 'amd64', os.version: '10.0', java.version: '16.0.1'
Driver info: org.openqa.selenium.chrome.ChromeDriver
Command: [3ffa8d974baff56c5d59d3194831a5d9, get {url=https://www.coursera.org/in}]
Capabilities {acceptInsecureCerts: false, browserName: chrome, browserVersion: 96.0.4664.110, chrome: {chromedriverVersion: 96.0.4664.45 (76e4c1bb2ab46..., userDataDir: C:\Users\ELCOT\AppData\Loca...}, goog:chromeOptions: {debuggerAddress: localhost:63801}, javascriptEnabled: true, networkConnectionEnabled: false, pageLoadStrategy: normal, platform: WINDOWS, platformName: WINDOWS, proxy: Proxy(), se:cdp: ws://localhost:63801/devtoo..., se:cdpVersion: 96.0.4664.110, setWindowRect: true, strictFileInteractability: false, timeouts: {implicit: 0, pageLoad: 300000, script: 30000}, unhandledPromptBehavior: dismiss and notify, webauthn:extension:credBlob: true, webauthn:extension:largeBlob: true, webauthn:virtualAuthenticators: true}
Session ID: 3ffa8d974baff56c5d59d3194831a5d9]]>
            </message>
            <full-stacktrace>
              <![CDATA[org.openqa.selenium.TimeoutException: timeout: Timed out receiving message from renderer: 24.607
  (Session info: chrome=96.0.4664.110)
Build info: version: '4.1.0', revision: '87802e897b'
System info: host: 'LENOVO', ip: '192.168.43.105', os.name: 'Windows 10', os.arch: 'amd64', os.version: '10.0', java.version: '16.0.1'
Driver info: org.openqa.selenium.chrome.ChromeDriver
Command: [3ffa8d974baff56c5d59d3194831a5d9, get {url=https://www.coursera.org/in}]
Capabilities {acceptInsecureCerts: false, browserName: chrome, browserVersion: 96.0.4664.110, chrome: {chromedriverVersion: 96.0.4664.45 (76e4c1bb2ab46..., userDataDir: C:\Users\ELCOT\AppData\Loca...}, goog:chromeOptions: {debuggerAddress: localhost:63801}, javascriptEnabled: true, networkConnectionEnabled: false, pageLoadStrategy: normal, platform: WINDOWS, platformName: WINDOWS, proxy: Proxy(), se:cdp: ws://localhost:63801/devtoo..., se:cdpVersion: 96.0.4664.110, setWindowRect: true, strictFileInteractability: false, timeouts: {implicit: 0, pageLoad: 300000, script: 30000}, unhandledPromptBehavior: dismiss and notify, webauthn:extension:credBlob: true, webauthn:extension:largeBlob: true, webauthn:virtualAuthenticators: true}
Session ID: 3ffa8d974baff56c5d59d3194831a5d9
at java.base/jdk.internal.reflect.NativeConstructorAccessorImpl.newInstance0(Native Method)
at java.base/jdk.internal.reflect.NativeConstructorAccessorImpl.newInstance(NativeConstructorAccessorImpl.java:78)
at java.base/jdk.internal.reflect.DelegatingConstructorAccessorImpl.newInstance(DelegatingConstructorAccessorImpl.java:45)
at java.base/java.lang.reflect.Constructor.newInstanceWithCaller(Constructor.java:499)
at java.base/java.lang.reflect.Constructor.newInstance(Constructor.java:480)
at org.openqa.selenium.remote.codec.w3c.W3CHttpResponseCodec.createException(W3CHttpResponseCodec.java:200)
at org.openqa.selenium.remote.codec.w3c.W3CHttpResponseCodec.decode(W3CHttpResponseCodec.java:133)
at org.openqa.selenium.remote.codec.w3c.W3CHttpResponseCodec.decode(W3CHttpResponseCodec.java:53)
at org.openqa.selenium.remote.HttpCommandExecutor.execute(HttpCommandExecutor.java:184)
at org.openqa.selenium.remote.service.DriverCommandExecutor.invokeExecute(DriverCommandExecutor.java:164)
at org.openqa.selenium.remote.service.DriverCommandExecutor.execute(DriverCommandExecutor.java:139)
at org.openqa.selenium.remote.RemoteWebDriver.execute(RemoteWebDriver.java:559)
at org.openqa.selenium.remote.RemoteWebDriver.get(RemoteWebDriver.java:328)
at com.test.HomeSearchTest.geturlForTest(HomeSearchTest.java:22)
at java.base/jdk.internal.reflect.NativeMethodAccessorImpl.invoke0(Native Method)
at java.base/jdk.internal.reflect.NativeMethodAccessorImpl.invoke(NativeMethodAccessorImpl.java:78)
at java.base/jdk.internal.reflect.DelegatingMethodAccessorImpl.invoke(DelegatingMethodAccessorImpl.java:43)
at java.base/java.lang.reflect.Method.invoke(Method.java:567)
at org.testng.internal.MethodInvocationHelper.invokeMethod(MethodInvocationHelper.java:133)
at org.testng.internal.TestInvoker.invokeMethod(TestInvoker.java:598)
at org.testng.internal.TestInvoker.invokeTestMethod(TestInvoker.java:173)
at org.testng.internal.MethodRunner.runInSequence(MethodRunner.java:46)
at org.testng.internal.TestInvoker$MethodInvocationAgent.invoke(TestInvoker.java:824)
at org.testng.internal.TestInvoker.invokeTestMethods(TestInvoker.java:146)
at org.testng.internal.TestMethodWorker.invokeTestMethods(TestMethodWorker.java:146)
at org.testng.internal.TestMethodWorker.run(TestMethodWorker.java:128)
at java.base/java.util.ArrayList.forEach(ArrayList.java:1511)
at org.testng.TestRunner.privateRun(TestRunner.java:794)
at org.testng.TestRunner.run(TestRunner.java:596)
at org.testng.SuiteRunner.runTest(SuiteRunner.java:377)
at org.testng.SuiteRunner.runSequentially(SuiteRunner.java:371)
at org.testng.SuiteRunner.privateRun(SuiteRunner.java:332)
at org.testng.SuiteRunner.run(SuiteRunner.java:276)
at org.testng.SuiteRunnerWorker.runSuite(SuiteRunnerWorker.java:53)
at org.testng.SuiteRunnerWorker.run(SuiteRunnerWorker.java:96)
at org.testng.TestNG.runSuitesSequentially(TestNG.java:1212)
at org.testng.TestNG.runSuitesSequentially(TestNG.java:1207)
at org.testng.TestNG.runSuitesLocally(TestNG.java:1134)
at org.testng.TestNG.runSuites(TestNG.java:1063)
at org.testng.TestNG.run(TestNG.java:1031)
at org.testng.remote.AbstractRemoteTestNG.run(AbstractRemoteTestNG.java:115)
at org.testng.remote.RemoteTestNG.initAndRun(RemoteTestNG.java:251)
at org.testng.remote.RemoteTestNG.main(RemoteTestNG.java:77)
]]>
            </full-stacktrace>
          </exception> <!-- org.openqa.selenium.TimeoutException -->
          <reporter-output>
          </reporter-output>
        </test-method> <!-- geturlForTest -->
        <test-method signature="Search()[pri:3, instance:com.test.HomeSearchTest@49c7b90e]" started-at="2022-01-03T17:34:25 IST" name="Search" finished-at="2022-01-03T17:34:57 IST" duration-ms="31763" status="FAIL">
          <exception class="org.openqa.selenium.NoSuchElementException">
            <message>
              <![CDATA[no such element: Unable to locate element: {"method":"xpath","selector":"//*[@id="rendered-content"]/div/header/div/div/div/div[1]/div[3]/div/form/div/div/div[1]/div[1]/input"}
  (Session info: chrome=96.0.4664.110)
For documentation on this error, please visit: https://selenium.dev/exceptions/#no_such_element
Build info: version: '4.1.0', revision: '87802e897b'
System info: host: 'LENOVO', ip: '192.168.43.105', os.name: 'Windows 10', os.arch: 'amd64', os.version: '10.0', java.version: '16.0.1'
Driver info: org.openqa.selenium.chrome.ChromeDriver
Command: [3ffa8d974baff56c5d59d3194831a5d9, findElement {using=xpath, value=//*[@id="rendered-content"]/div/header/div/div/div/div[1]/div[3]/div/form/div/div/div[1]/div[1]/input}]
Capabilities {acceptInsecureCerts: false, browserName: chrome, browserVersion: 96.0.4664.110, chrome: {chromedriverVersion: 96.0.4664.45 (76e4c1bb2ab46..., userDataDir: C:\Users\ELCOT\AppData\Loca...}, goog:chromeOptions: {debuggerAddress: localhost:63801}, javascriptEnabled: true, networkConnectionEnabled: false, pageLoadStrategy: normal, platform: WINDOWS, platformName: WINDOWS, proxy: Proxy(), se:cdp: ws://localhost:63801/devtoo..., se:cdpVersion: 96.0.4664.110, setWindowRect: true, strictFileInteractability: false, timeouts: {implicit: 0, pageLoad: 300000, script: 30000}, unhandledPromptBehavior: dismiss and notify, webauthn:extension:credBlob: true, webauthn:extension:largeBlob: true, webauthn:virtualAuthenticators: true}
Session ID: 3ffa8d974baff56c5d59d3194831a5d9]]>
            </message>
            <full-stacktrace>
              <![CDATA[org.openqa.selenium.NoSuchElementException: no such element: Unable to locate element: {"method":"xpath","selector":"//*[@id="rendered-content"]/div/header/div/div/div/div[1]/div[3]/div/form/div/div/div[1]/div[1]/input"}
  (Session info: chrome=96.0.4664.110)
For documentation on this error, please visit: https://selenium.dev/exceptions/#no_such_element
Build info: version: '4.1.0', revision: '87802e897b'
System info: host: 'LENOVO', ip: '192.168.43.105', os.name: 'Windows 10', os.arch: 'amd64', os.version: '10.0', java.version: '16.0.1'
Driver info: org.openqa.selenium.chrome.ChromeDriver
Command: [3ffa8d974baff56c5d59d3194831a5d9, findElement {using=xpath, value=//*[@id="rendered-content"]/div/header/div/div/div/div[1]/div[3]/div/form/div/div/div[1]/div[1]/input}]
Capabilities {acceptInsecureCerts: false, browserName: chrome, browserVersion: 96.0.4664.110, chrome: {chromedriverVersion: 96.0.4664.45 (76e4c1bb2ab46..., userDataDir: C:\Users\ELCOT\AppData\Loca...}, goog:chromeOptions: {debuggerAddress: localhost:63801}, javascriptEnabled: true, networkConnectionEnabled: false, pageLoadStrategy: normal, platform: WINDOWS, platformName: WINDOWS, proxy: Proxy(), se:cdp: ws://localhost:63801/devtoo..., se:cdpVersion: 96.0.4664.110, setWindowRect: true, strictFileInteractability: false, timeouts: {implicit: 0, pageLoad: 300000, script: 30000}, unhandledPromptBehavior: dismiss and notify, webauthn:extension:credBlob: true, webauthn:extension:largeBlob: true, webauthn:virtualAuthenticators: true}
Session ID: 3ffa8d974baff56c5d59d3194831a5d9
at java.base/jdk.internal.reflect.NativeConstructorAccessorImpl.newInstance0(Native Method)
at java.base/jdk.internal.reflect.NativeConstructorAccessorImpl.newInstance(NativeConstructorAccessorImpl.java:78)
at java.base/jdk.internal.reflect.DelegatingConstructorAccessorImpl.newInstance(DelegatingConstructorAccessorImpl.java:45)
at java.base/java.lang.reflect.Constructor.newInstanceWithCaller(Constructor.java:499)
at java.base/java.lang.reflect.Constructor.newInstance(Constructor.java:480)
at org.openqa.selenium.remote.codec.w3c.W3CHttpResponseCodec.createException(W3CHttpResponseCodec.java:200)
at org.openqa.selenium.remote.codec.w3c.W3CHttpResponseCodec.decode(W3CHttpResponseCodec.java:133)
at org.openqa.selenium.remote.codec.w3c.W3CHttpResponseCodec.decode(W3CHttpResponseCodec.java:53)
at org.openqa.selenium.remote.HttpCommandExecutor.execute(HttpCommandExecutor.java:184)
at org.openqa.selenium.remote.service.DriverCommandExecutor.invokeExecute(DriverCommandExecutor.java:164)
at org.openqa.selenium.remote.service.DriverCommandExecutor.execute(DriverCommandExecutor.java:139)
at org.openqa.selenium.remote.RemoteWebDriver.execute(RemoteWebDriver.java:559)
at org.openqa.selenium.remote.ElementLocation$ElementFinder$2.findElement(ElementLocation.java:162)
at org.openqa.selenium.remote.ElementLocation.findElement(ElementLocation.java:60)
at org.openqa.selenium.remote.RemoteWebDriver.findElement(RemoteWebDriver.java:383)
at org.openqa.selenium.remote.RemoteWebDriver.findElement(RemoteWebDriver.java:375)
at com.test.HomeSearchTest.Search(HomeSearchTest.java:27)
at java.base/jdk.internal.reflect.NativeMethodAccessorImpl.invoke0(Native Method)
at java.base/jdk.internal.reflect.NativeMethodAccessorImpl.invoke(NativeMethodAccessorImpl.java:78)
at java.base/jdk.internal.reflect.DelegatingMethodAccessorImpl.invoke(DelegatingMethodAccessorImpl.java:43)
at java.base/java.lang.reflect.Method.invoke(Method.java:567)
at org.testng.internal.MethodInvocationHelper.invokeMethod(MethodInvocationHelper.java:133)
at org.testng.internal.TestInvoker.invokeMethod(TestInvoker.java:598)
at org.testng.internal.TestInvoker.invokeTestMethod(TestInvoker.java:173)
at org.testng.internal.MethodRunner.runInSequence(MethodRunner.java:46)
at org.testng.internal.TestInvoker$MethodInvocationAgent.invoke(TestInvoker.java:824)
at org.testng.internal.TestInvoker.invokeTestMethods(TestInvoker.java:146)
at org.testng.internal.TestMethodWorker.invokeTestMethods(TestMethodWorker.java:146)
at org.testng.internal.TestMethodWorker.run(TestMethodWorker.java:128)
at java.base/java.util.ArrayList.forEach(ArrayList.java:1511)
at org.testng.TestRunner.privateRun(TestRunner.java:794)
at org.testng.TestRunner.run(TestRunner.java:596)
at org.testng.SuiteRunner.runTest(SuiteRunner.java:377)
at org.testng.SuiteRunner.runSequentially(SuiteRunner.java:371)
at org.testng.SuiteRunner.privateRun(SuiteRunner.java:332)
at org.testng.SuiteRunner.run(SuiteRunner.java:276)
at org.testng.SuiteRunnerWorker.runSuite(SuiteRunnerWorker.java:53)
at org.testng.SuiteRunnerWorker.run(SuiteRunnerWorker.java:96)
at org.testng.TestNG.runSuitesSequentially(TestNG.java:1212)
at org.testng.TestNG.runSuitesSequentially(TestNG.java:1207)
at org.testng.TestNG.runSuitesLocally(TestNG.java:1134)
at org.testng.TestNG.runSuites(TestNG.java:1063)
at org.testng.TestNG.run(TestNG.java:1031)
at org.testng.remote.AbstractRemoteTestNG.run(AbstractRemoteTestNG.java:115)
at org.testng.remote.RemoteTestNG.initAndRun(RemoteTestNG.java:251)
at org.testng.remote.RemoteTestNG.main(RemoteTestNG.java:77)
]]>
            </full-stacktrace>
          </exception> <!-- org.openqa.selenium.NoSuchElementException -->
          <reporter-output>
          </reporter-output>
        </test-method> <!-- Search -->
        <test-method signature="SearchProvidedCourse()[pri:4, instance:com.test.HomeSearchTest@49c7b90e]" started-at="2022-01-03T17:34:57 IST" name="SearchProvidedCourse" finished-at="2022-01-03T17:35:49 IST" duration-ms="52001" status="PASS">
          <reporter-output>
          </reporter-output>
        </test-method> <!-- SearchProvidedCourse -->
        <test-method signature="searchNullTest()[pri:5, instance:com.test.HomeSearchTest@49c7b90e]" started-at="2022-01-03T17:35:49 IST" name="searchNullTest" finished-at="2022-01-03T17:36:41 IST" duration-ms="51861" status="PASS">
          <reporter-output>
          </reporter-output>
        </test-method> <!-- searchNullTest -->
        <test-method is-config="true" signature="SearchTestClose()[pri:0, instance:com.test.HomeSearchTest@49c7b90e]" started-at="2022-01-03T17:37:34 IST" name="SearchTestClose" finished-at="2022-01-03T17:37:35 IST" duration-ms="1104" status="PASS">
          <reporter-output>
          </reporter-output>
        </test-method> <!-- SearchTestClose -->
      </class> <!-- com.test.HomeSearchTest -->
      <class name="com.test.VerifyCourseTest">
        <test-method is-config="true" signature="initialSetup()[pri:0, instance:com.test.VerifyCourseTest@429bffaa]" started-at="2022-01-03T17:33:37 IST" name="initialSetup" finished-at="2022-01-03T17:33:50 IST" duration-ms="13258" status="PASS">
          <reporter-output>
          </reporter-output>
        </test-method> <!-- initialSetup -->
        <test-method signature="getTestUrl()[pri:0, instance:com.test.VerifyCourseTest@429bffaa]" started-at="2022-01-03T17:36:41 IST" name="getTestUrl" finished-at="2022-01-03T17:37:15 IST" duration-ms="34861" status="PASS">
          <reporter-output>
          </reporter-output>
        </test-method> <!-- getTestUrl -->
        <test-method signature="selectLevelFilter()[pri:0, instance:com.test.VerifyCourseTest@429bffaa]" started-at="2022-01-03T17:37:15 IST" name="selectLevelFilter" finished-at="2022-01-03T17:37:24 IST" duration-ms="8823" status="PASS">
          <reporter-output>
          </reporter-output>
        </test-method> <!-- selectLevelFilter -->
        <test-method signature="verifyLevelSelected()[pri:0, instance:com.test.VerifyCourseTest@429bffaa]" started-at="2022-01-03T17:37:24 IST" name="verifyLevelSelected" finished-at="2022-01-03T17:37:34 IST" duration-ms="9383" status="PASS">
          <reporter-output>
          </reporter-output>
        </test-method> <!-- verifyLevelSelected -->
      </class> <!-- com.test.VerifyCourseTest -->
    </test> <!-- Test search Functionality -->
  </suite> <!-- Regression Suite -->
  <suite started-at="2022-01-03T17:37:35 IST" name="Regression Suite (0)" finished-at="2022-01-03T17:39:33 IST" duration-ms="117816">
    <groups>
    </groups>
    <test started-at="2022-01-03T17:37:35 IST" name="Test Form Functionality" finished-at="2022-01-03T17:39:33 IST" duration-ms="117816">
      <class name="com.test.FormInvalidData">
        <test-method is-config="true" signature="invokeBrowser()[pri:0, instance:com.test.FormInvalidData@3d6f0054]" started-at="2022-01-03T17:37:35 IST" name="invokeBrowser" finished-at="2022-01-03T17:37:51 IST" duration-ms="16004" status="PASS">
          <reporter-output>
          </reporter-output>
        </test-method> <!-- invokeBrowser -->
        <test-method signature="onlyFirstName()[pri:1, instance:com.test.FormInvalidData@3d6f0054]" started-at="2022-01-03T17:37:51 IST" name="onlyFirstName" finished-at="2022-01-03T17:38:18 IST" duration-ms="26678" status="PASS">
          <reporter-output>
          </reporter-output>
        </test-method> <!-- onlyFirstName -->
        <test-method signature="onlyLastName()[pri:2, instance:com.test.FormInvalidData@3d6f0054]" started-at="2022-01-03T17:38:18 IST" name="onlyLastName" finished-at="2022-01-03T17:38:22 IST" duration-ms="4612" status="PASS">
          <reporter-output>
          </reporter-output>
        </test-method> <!-- onlyLastName -->
        <test-method signature="onlyJobTitle()[pri:3, instance:com.test.FormInvalidData@3d6f0054]" started-at="2022-01-03T17:38:22 IST" name="onlyJobTitle" finished-at="2022-01-03T17:38:43 IST" duration-ms="21017" status="PASS">
          <reporter-output>
          </reporter-output>
        </test-method> <!-- onlyJobTitle -->
        <test-method signature="onlyValidEmail()[pri:4, instance:com.test.FormInvalidData@3d6f0054]" started-at="2022-01-03T17:38:43 IST" name="onlyValidEmail" finished-at="2022-01-03T17:38:56 IST" duration-ms="12412" status="PASS">
          <reporter-output>
          </reporter-output>
        </test-method> <!-- onlyValidEmail -->
        <test-method signature="onlyInvalidEmail()[pri:5, instance:com.test.FormInvalidData@3d6f0054]" started-at="2022-01-03T17:38:56 IST" name="onlyInvalidEmail" finished-at="2022-01-03T17:39:05 IST" duration-ms="9559" status="PASS">
          <reporter-output>
          </reporter-output>
        </test-method> <!-- onlyInvalidEmail -->
        <test-method signature="validPhNumber()[pri:6, instance:com.test.FormInvalidData@3d6f0054]" started-at="2022-01-03T17:39:05 IST" name="validPhNumber" finished-at="2022-01-03T17:39:14 IST" duration-ms="8789" status="PASS">
          <reporter-output>
          </reporter-output>
        </test-method> <!-- validPhNumber -->
        <test-method signature="invalidPhNumber()[pri:7, instance:com.test.FormInvalidData@3d6f0054]" started-at="2022-01-03T17:39:14 IST" name="invalidPhNumber" finished-at="2022-01-03T17:39:22 IST" duration-ms="7352" status="PASS">
          <reporter-output>
          </reporter-output>
        </test-method> <!-- invalidPhNumber -->
        <test-method signature="nullSubmit()[pri:8, instance:com.test.FormInvalidData@3d6f0054]" started-at="2022-01-03T17:39:22 IST" name="nullSubmit" finished-at="2022-01-03T17:39:28 IST" duration-ms="6160" status="PASS">
          <reporter-output>
          </reporter-output>
        </test-method> <!-- nullSubmit -->
        <test-method signature="ValidFormSubmit()[pri:9, instance:com.test.FormInvalidData@3d6f0054]" started-at="2022-01-03T17:39:28 IST" name="ValidFormSubmit" finished-at="2022-01-03T17:39:33 IST" duration-ms="5166" status="PASS">
          <reporter-output>
          </reporter-output>
        </test-method> <!-- ValidFormSubmit -->
      </class> <!-- com.test.FormInvalidData -->
    </test> <!-- Test Form Functionality -->
  </suite> <!-- Regression Suite (0) -->
</testng-results>
