<?xml version="1.0" encoding="UTF-8"?>
<!-- Generated by org.testng.reporters.JUnitXMLReporter -->
<testsuite ignored="0" hostname="Lenovo" failures="1" tests="6" name="Main Test" time="175.773" errors="0" timestamp="2022-01-03T17:33:34 IST">
  <testcase classname="Findingcourse_Hackathon.Findingcourse_Hackathon.CourseSearch" name="searchCourse" time="102.402"/>
  <testcase classname="Findingcourse_Hackathon.Findingcourse_Hackathon.CourseList" name="ListElements" time="9.014"/>
  <testcase classname="Findingcourse_Hackathon.Findingcourse_Hackathon.CourseList" name="extractLanguageDetails" time="28.926"/>
  <testcase classname="Findingcourse_Hackathon.Findingcourse_Hackathon.CourseList" name="setLevels" time="1.176"/>
  <testcase classname="Findingcourse_Hackathon.Findingcourse_Hackathon.CourseList" name="extractLevelDetails" time="1.396"/>
  <testcase classname="Findingcourse_Hackathon.Findingcourse_Hackathon.CourseList" name="backHome" time="32.562">
    <failure type="org.openqa.selenium.TimeoutException" message="timeout: Timed out receiving message from renderer: 30.000
  (Session info: chrome=96.0.4664.110)
Build info: version: &amp;apos;4.1.0&amp;apos;, revision: &amp;apos;87802e897b&amp;apos;
System info: host: &amp;apos;LENOVO&amp;apos;, ip: &amp;apos;192.168.43.105&amp;apos;, os.name: &amp;apos;Windows 10&amp;apos;, os.arch: &amp;apos;amd64&amp;apos;, os.version: &amp;apos;10.0&amp;apos;, java.version: &amp;apos;16.0.1&amp;apos;
Driver info: org.openqa.selenium.chrome.ChromeDriver
Command: [a9c8dfef8c3c7825d33c31d3aa4c529f, clickElement {id=ede6ad9e-ee77-4f6c-b6f1-cf1957d67fba}]
Capabilities {acceptInsecureCerts: false, browserName: chrome, browserVersion: 96.0.4664.110, chrome: {chromedriverVersion: 96.0.4664.45 (76e4c1bb2ab46..., userDataDir: C:\Users\ELCOT\AppData\Loca...}, goog:chromeOptions: {debuggerAddress: localhost:63528}, javascriptEnabled: true, networkConnectionEnabled: false, pageLoadStrategy: normal, platform: WINDOWS, platformName: WINDOWS, proxy: Proxy(), se:cdp: ws://localhost:63528/devtoo..., se:cdpVersion: 96.0.4664.110, setWindowRect: true, strictFileInteractability: false, timeouts: {implicit: 0, pageLoad: 300000, script: 30000}, unhandledPromptBehavior: dismiss and notify, webauthn:extension:credBlob: true, webauthn:extension:largeBlob: true, webauthn:virtualAuthenticators: true}
Element: [[ChromeDriver: chrome on WINDOWS (a9c8dfef8c3c7825d33c31d3aa4c529f)] -&amp;gt; xpath: //*[@id=&amp;quot;rendered-content&amp;quot;]/div/div/span/div[1]/header/div[2]/div/div[1]/div/div/div[2]/div/div/div/a/div/img]
Session ID: a9c8dfef8c3c7825d33c31d3aa4c529f">
      <![CDATA[org.openqa.selenium.TimeoutException: timeout: Timed out receiving message from renderer: 30.000
  (Session info: chrome=96.0.4664.110)
Build info: version: '4.1.0', revision: '87802e897b'
System info: host: 'LENOVO', ip: '192.168.43.105', os.name: 'Windows 10', os.arch: 'amd64', os.version: '10.0', java.version: '16.0.1'
Driver info: org.openqa.selenium.chrome.ChromeDriver
Command: [a9c8dfef8c3c7825d33c31d3aa4c529f, clickElement {id=ede6ad9e-ee77-4f6c-b6f1-cf1957d67fba}]
Capabilities {acceptInsecureCerts: false, browserName: chrome, browserVersion: 96.0.4664.110, chrome: {chromedriverVersion: 96.0.4664.45 (76e4c1bb2ab46..., userDataDir: C:\Users\ELCOT\AppData\Loca...}, goog:chromeOptions: {debuggerAddress: localhost:63528}, javascriptEnabled: true, networkConnectionEnabled: false, pageLoadStrategy: normal, platform: WINDOWS, platformName: WINDOWS, proxy: Proxy(), se:cdp: ws://localhost:63528/devtoo..., se:cdpVersion: 96.0.4664.110, setWindowRect: true, strictFileInteractability: false, timeouts: {implicit: 0, pageLoad: 300000, script: 30000}, unhandledPromptBehavior: dismiss and notify, webauthn:extension:credBlob: true, webauthn:extension:largeBlob: true, webauthn:virtualAuthenticators: true}
Element: [[ChromeDriver: chrome on WINDOWS (a9c8dfef8c3c7825d33c31d3aa4c529f)] -> xpath: //*[@id="rendered-content"]/div/div/span/div[1]/header/div[2]/div/div[1]/div/div/div[2]/div/div/div/a/div/img]
Session ID: a9c8dfef8c3c7825d33c31d3aa4c529f
at org.openqa.selenium.remote.codec.w3c.W3CHttpResponseCodec.createException(W3CHttpResponseCodec.java:200)
at org.openqa.selenium.remote.codec.w3c.W3CHttpResponseCodec.decode(W3CHttpResponseCodec.java:133)
at org.openqa.selenium.remote.codec.w3c.W3CHttpResponseCodec.decode(W3CHttpResponseCodec.java:53)
at org.openqa.selenium.remote.HttpCommandExecutor.execute(HttpCommandExecutor.java:184)
at org.openqa.selenium.remote.service.DriverCommandExecutor.invokeExecute(DriverCommandExecutor.java:164)
at org.openqa.selenium.remote.service.DriverCommandExecutor.execute(DriverCommandExecutor.java:139)
at org.openqa.selenium.remote.RemoteWebDriver.execute(RemoteWebDriver.java:559)
at org.openqa.selenium.remote.RemoteWebElement.execute(RemoteWebElement.java:251)
at org.openqa.selenium.remote.RemoteWebElement.click(RemoteWebElement.java:77)
at Findingcourse_Hackathon.Findingcourse_Hackathon.BaseUI.click(BaseUI.java:46)
at Findingcourse_Hackathon.Findingcourse_Hackathon.CourseList.backHome(CourseList.java:121)
at java.base/java.util.ArrayList.forEach(ArrayList.java:1511)
... Removed 33 stack frames]]>
    </failure>
  </testcase> <!-- backHome -->
</testsuite> <!-- Main Test -->
